<?xml version="1.0" ?>
<!DOCTYPE coverage SYSTEM "http://cobertura.sourceforge.net/xml/coverage-04.dtd">
<coverage lines-valid="33"  lines-covered="14"  line-rate="0.4242"  branches-valid="17"  branches-covered="0"  branch-rate="0"  timestamp="1425881588992" complexity="0" version="0.1">
<sources>
	<source>/home/willy/Projects/perf/deep-ast</source>
</sources>
<packages>
	<package name="deep-ast"  line-rate="0.4242"  branch-rate="0" >
	<classes>
		<class name="index.js"  filename="index.js"  line-rate="0.4242"  branch-rate="0" >
		<methods>
			<method name="getDeepAST"  hits="0"  signature="()V" >
				<lines><line number="21"  hits="0" /></lines>
			</method>
			<method name="replaceRequires"  hits="0"  signature="()V" >
				<lines><line number="43"  hits="0" /></lines>
			</method>
			<method name="replaceRequire"  hits="0"  signature="()V" >
				<lines><line number="44"  hits="0" /></lines>
			</method>
			<method name="isRelativeRequire"  hits="0"  signature="()V" >
				<lines><line number="59"  hits="0" /></lines>
			</method>
			<method name="getRequirePath"  hits="0"  signature="()V" >
				<lines><line number="68"  hits="0" /></lines>
			</method>
			<method name="isRequireStatement"  hits="0"  signature="()V" >
				<lines><line number="77"  hits="0" /></lines>
			</method>
			<method name="isRelativePath"  hits="0"  signature="()V" >
				<lines><line number="86"  hits="0" /></lines>
			</method>
		</methods>
		<lines>
			<line number="3"  hits="1"  branch="false" />
			<line number="4"  hits="1"  branch="false" />
			<line number="6"  hits="1"  branch="false" />
			<line number="7"  hits="1"  branch="false" />
			<line number="8"  hits="1"  branch="false" />
			<line number="9"  hits="1"  branch="false" />
			<line number="11"  hits="1"  branch="false" />
			<line number="21"  hits="1"  branch="false" />
			<line number="22"  hits="0"  branch="true"  condition-coverage="0% (0/2)" />
			<line number="23"  hits="0"  branch="false" />
			<line number="25"  hits="0"  branch="false" />
			<line number="26"  hits="0"  branch="true"  condition-coverage="0% (0/2)" />
			<line number="27"  hits="0"  branch="false" />
			<line number="29"  hits="0"  branch="false" />
			<line number="30"  hits="0"  branch="false" />
			<line number="31"  hits="0"  branch="false" />
			<line number="33"  hits="0"  branch="false" />
			<line number="43"  hits="1"  branch="false" />
			<line number="44"  hits="0"  branch="false" />
			<line number="45"  hits="0"  branch="true"  condition-coverage="0% (0/4)" />
			<line number="46"  hits="0"  branch="false" />
			<line number="48"  hits="0"  branch="true"  condition-coverage="0% (0/2)" />
			<line number="49"  hits="0"  branch="false" />
			<line number="59"  hits="1"  branch="false" />
			<line number="60"  hits="0"  branch="true"  condition-coverage="0% (0/2)" />
			<line number="68"  hits="1"  branch="false" />
			<line number="69"  hits="0"  branch="false" />
			<line number="77"  hits="1"  branch="false" />
			<line number="78"  hits="0"  branch="true"  condition-coverage="0% (0/3)" />
			<line number="86"  hits="1"  branch="false" />
			<line number="87"  hits="0"  branch="false" />
			<line number="88"  hits="0"  branch="true"  condition-coverage="0% (0/2)" />
			<line number="91"  hits="1"  branch="false" />
		</lines>
		</class>
	</classes>
	</package>
</packages>
</coverage>
