{"/home/willy/Projects/perf/deep-ast/index.js":{"path":"/home/willy/Projects/perf/deep-ast/index.js","s":{"1":1,"2":1,"3":1,"4":1,"5":1,"6":1,"7":1,"8":1,"9":0,"10":0,"11":0,"12":0,"13":0,"14":0,"15":0,"16":0,"17":0,"18":1,"19":0,"20":0,"21":0,"22":0,"23":0,"24":1,"25":0,"26":1,"27":0,"28":1,"29":0,"30":1,"31":0,"32":0,"33":1},"b":{"1":[0,0],"2":[0,0],"3":[0,0],"4":[0,0],"5":[0,0],"6":[0,0],"7":[0,0,0],"8":[0,0]},"f":{"1":0,"2":0,"3":0,"4":0,"5":0,"6":0,"7":0},"fnMap":{"1":{"name":"getDeepAST","line":21,"loc":{"start":{"line":21,"column":0},"end":{"line":21,"column":39}}},"2":{"name":"replaceRequires","line":43,"loc":{"start":{"line":43,"column":0},"end":{"line":43,"column":39}}},"3":{"name":"replaceRequire","line":44,"loc":{"start":{"line":44,"column":31},"end":{"line":44,"column":61}}},"4":{"name":"isRelativeRequire","line":59,"loc":{"start":{"line":59,"column":0},"end":{"line":59,"column":33}}},"5":{"name":"getRequirePath","line":68,"loc":{"start":{"line":68,"column":0},"end":{"line":68,"column":30}}},"6":{"name":"isRequireStatement","line":77,"loc":{"start":{"line":77,"column":0},"end":{"line":77,"column":34}}},"7":{"name":"isRelativePath","line":86,"loc":{"start":{"line":86,"column":0},"end":{"line":86,"column":34}}}},"statementMap":{"1":{"start":{"line":3,"column":0},"end":{"line":3,"column":23}},"2":{"start":{"line":4,"column":0},"end":{"line":4,"column":27}},"3":{"start":{"line":6,"column":0},"end":{"line":6,"column":29}},"4":{"start":{"line":7,"column":0},"end":{"line":7,"column":30}},"5":{"start":{"line":8,"column":0},"end":{"line":8,"column":33}},"6":{"start":{"line":9,"column":0},"end":{"line":9,"column":35}},"7":{"start":{"line":11,"column":0},"end":{"line":13,"column":2}},"8":{"start":{"line":21,"column":0},"end":{"line":35,"column":1}},"9":{"start":{"line":22,"column":2},"end":{"line":22,"column":26}},"10":{"start":{"line":23,"column":2},"end":{"line":23,"column":45}},"11":{"start":{"line":25,"column":2},"end":{"line":34,"column":3}},"12":{"start":{"line":26,"column":4},"end":{"line":28,"column":5}},"13":{"start":{"line":27,"column":6},"end":{"line":27,"column":24}},"14":{"start":{"line":29,"column":4},"end":{"line":29,"column":53}},"15":{"start":{"line":30,"column":4},"end":{"line":30,"column":37}},"16":{"start":{"line":31,"column":4},"end":{"line":31,"column":41}},"17":{"start":{"line":33,"column":4},"end":{"line":33,"column":14}},"18":{"start":{"line":43,"column":0},"end":{"line":52,"column":1}},"19":{"start":{"line":44,"column":2},"end":{"line":51,"column":5}},"20":{"start":{"line":45,"column":4},"end":{"line":47,"column":5}},"21":{"start":{"line":46,"column":6},"end":{"line":46,"column":68}},"22":{"start":{"line":48,"column":4},"end":{"line":50,"column":5}},"23":{"start":{"line":49,"column":6},"end":{"line":49,"column":68}},"24":{"start":{"line":59,"column":0},"end":{"line":61,"column":1}},"25":{"start":{"line":60,"column":2},"end":{"line":60,"column":83}},"26":{"start":{"line":68,"column":0},"end":{"line":70,"column":1}},"27":{"start":{"line":69,"column":2},"end":{"line":69,"column":33}},"28":{"start":{"line":77,"column":0},"end":{"line":79,"column":1}},"29":{"start":{"line":78,"column":2},"end":{"line":78,"column":91}},"30":{"start":{"line":86,"column":0},"end":{"line":89,"column":1}},"31":{"start":{"line":87,"column":2},"end":{"line":87,"column":45}},"32":{"start":{"line":88,"column":2},"end":{"line":88,"column":61}},"33":{"start":{"line":91,"column":0},"end":{"line":91,"column":28}}},"branchMap":{"1":{"line":22,"type":"binary-expr","locations":[{"start":{"line":22,"column":12},"end":{"line":22,"column":19}},{"start":{"line":22,"column":23},"end":{"line":22,"column":25}}]},"2":{"line":26,"type":"if","locations":[{"start":{"line":26,"column":4},"end":{"line":26,"column":4}},{"start":{"line":26,"column":4},"end":{"line":26,"column":4}}]},"3":{"line":45,"type":"if","locations":[{"start":{"line":45,"column":4},"end":{"line":45,"column":4}},{"start":{"line":45,"column":4},"end":{"line":45,"column":4}}]},"4":{"line":45,"type":"binary-expr","locations":[{"start":{"line":45,"column":8},"end":{"line":45,"column":43}},{"start":{"line":45,"column":47},"end":{"line":45,"column":71}}]},"5":{"line":48,"type":"if","locations":[{"start":{"line":48,"column":4},"end":{"line":48,"column":4}},{"start":{"line":48,"column":4},"end":{"line":48,"column":4}}]},"6":{"line":60,"type":"binary-expr","locations":[{"start":{"line":60,"column":17},"end":{"line":60,"column":41}},{"start":{"line":60,"column":45},"end":{"line":60,"column":81}}]},"7":{"line":78,"type":"binary-expr","locations":[{"start":{"line":78,"column":17},"end":{"line":78,"column":21}},{"start":{"line":78,"column":25},"end":{"line":78,"column":55}},{"start":{"line":78,"column":59},"end":{"line":78,"column":89}}]},"8":{"line":88,"type":"binary-expr","locations":[{"start":{"line":88,"column":17},"end":{"line":88,"column":36}},{"start":{"line":88,"column":40},"end":{"line":88,"column":59}}]}}}}